mode: set
github.com/NomanSalhab/golang_b_n_b_training_project/internal/render/render.go:22.39,24.2 1 1
github.com/NomanSalhab/golang_b_n_b_training_project/internal/render/render.go:26.84,32.2 5 1
github.com/NomanSalhab/golang_b_n_b_training_project/internal/render/render.go:35.105,37.18 2 1
github.com/NomanSalhab/golang_b_n_b_training_project/internal/render/render.go:44.2,45.9 2 1
github.com/NomanSalhab/golang_b_n_b_training_project/internal/render/render.go:50.2,55.17 4 1
github.com/NomanSalhab/golang_b_n_b_training_project/internal/render/render.go:59.2,60.16 2 1
github.com/NomanSalhab/golang_b_n_b_training_project/internal/render/render.go:65.2,65.12 1 1
github.com/NomanSalhab/golang_b_n_b_training_project/internal/render/render.go:37.18,40.3 1 0
github.com/NomanSalhab/golang_b_n_b_training_project/internal/render/render.go:40.8,42.3 1 1
github.com/NomanSalhab/golang_b_n_b_training_project/internal/render/render.go:45.9,49.3 1 1
github.com/NomanSalhab/golang_b_n_b_training_project/internal/render/render.go:55.17,58.3 2 0
github.com/NomanSalhab/golang_b_n_b_training_project/internal/render/render.go:60.16,63.3 2 0
github.com/NomanSalhab/golang_b_n_b_training_project/internal/render/render.go:69.67,74.16 3 1
github.com/NomanSalhab/golang_b_n_b_training_project/internal/render/render.go:77.2,77.29 1 1
github.com/NomanSalhab/golang_b_n_b_training_project/internal/render/render.go:102.2,102.21 1 1
github.com/NomanSalhab/golang_b_n_b_training_project/internal/render/render.go:74.16,76.3 1 0
github.com/NomanSalhab/golang_b_n_b_training_project/internal/render/render.go:77.29,82.17 3 1
github.com/NomanSalhab/golang_b_n_b_training_project/internal/render/render.go:85.3,86.17 2 1
github.com/NomanSalhab/golang_b_n_b_training_project/internal/render/render.go:89.3,89.23 1 1
github.com/NomanSalhab/golang_b_n_b_training_project/internal/render/render.go:82.17,84.4 1 0
github.com/NomanSalhab/golang_b_n_b_training_project/internal/render/render.go:86.17,88.4 1 0
github.com/NomanSalhab/golang_b_n_b_training_project/internal/render/render.go:89.23,91.18 2 1
github.com/NomanSalhab/golang_b_n_b_training_project/internal/render/render.go:94.4,94.22 1 1
github.com/NomanSalhab/golang_b_n_b_training_project/internal/render/render.go:91.18,93.5 1 0
