mode: set
github.com/NomanSalhab/golang_b_n_b_training_project/internal/handlers/handlers.go:31.62,36.2 1 0
github.com/NomanSalhab/golang_b_n_b_training_project/internal/handlers/handlers.go:39.51,44.2 1 1
github.com/NomanSalhab/golang_b_n_b_training_project/internal/handlers/handlers.go:47.33,49.2 1 1
github.com/NomanSalhab/golang_b_n_b_training_project/internal/handlers/handlers.go:52.67,54.2 1 1
github.com/NomanSalhab/golang_b_n_b_training_project/internal/handlers/handlers.go:57.68,60.2 1 1
github.com/NomanSalhab/golang_b_n_b_training_project/internal/handlers/handlers.go:63.74,65.9 2 1
github.com/NomanSalhab/golang_b_n_b_training_project/internal/handlers/handlers.go:71.2,72.16 2 1
github.com/NomanSalhab/golang_b_n_b_training_project/internal/handlers/handlers.go:78.2,96.4 10 1
github.com/NomanSalhab/golang_b_n_b_training_project/internal/handlers/handlers.go:65.9,69.3 3 1
github.com/NomanSalhab/golang_b_n_b_training_project/internal/handlers/handlers.go:72.16,76.3 3 1
github.com/NomanSalhab/golang_b_n_b_training_project/internal/handlers/handlers.go:100.78,105.16 3 1
github.com/NomanSalhab/golang_b_n_b_training_project/internal/handlers/handlers.go:117.2,122.21 4 1
github.com/NomanSalhab/golang_b_n_b_training_project/internal/handlers/handlers.go:127.2,129.19 2 0
github.com/NomanSalhab/golang_b_n_b_training_project/internal/handlers/handlers.go:135.2,150.19 13 0
github.com/NomanSalhab/golang_b_n_b_training_project/internal/handlers/handlers.go:162.2,163.17 2 0
github.com/NomanSalhab/golang_b_n_b_training_project/internal/handlers/handlers.go:169.2,180.17 4 0
github.com/NomanSalhab/golang_b_n_b_training_project/internal/handlers/handlers.go:186.2,187.66 2 0
github.com/NomanSalhab/golang_b_n_b_training_project/internal/handlers/handlers.go:105.16,109.3 3 1
github.com/NomanSalhab/golang_b_n_b_training_project/internal/handlers/handlers.go:122.21,126.3 3 1
github.com/NomanSalhab/golang_b_n_b_training_project/internal/handlers/handlers.go:129.19,133.3 3 0
github.com/NomanSalhab/golang_b_n_b_training_project/internal/handlers/handlers.go:150.19,160.3 5 0
github.com/NomanSalhab/golang_b_n_b_training_project/internal/handlers/handlers.go:163.17,167.3 3 0
github.com/NomanSalhab/golang_b_n_b_training_project/internal/handlers/handlers.go:180.17,184.3 3 0
github.com/NomanSalhab/golang_b_n_b_training_project/internal/handlers/handlers.go:191.71,193.2 1 1
github.com/NomanSalhab/golang_b_n_b_training_project/internal/handlers/handlers.go:196.69,198.2 1 1
github.com/NomanSalhab/golang_b_n_b_training_project/internal/handlers/handlers.go:201.75,203.2 1 1
github.com/NomanSalhab/golang_b_n_b_training_project/internal/handlers/handlers.go:206.79,214.21 5 0
github.com/NomanSalhab/golang_b_n_b_training_project/internal/handlers/handlers.go:218.2,219.19 2 0
github.com/NomanSalhab/golang_b_n_b_training_project/internal/handlers/handlers.go:224.2,225.16 2 0
github.com/NomanSalhab/golang_b_n_b_training_project/internal/handlers/handlers.go:230.2,230.21 1 0
github.com/NomanSalhab/golang_b_n_b_training_project/internal/handlers/handlers.go:238.2,250.4 5 0
github.com/NomanSalhab/golang_b_n_b_training_project/internal/handlers/handlers.go:214.21,217.3 2 0
github.com/NomanSalhab/golang_b_n_b_training_project/internal/handlers/handlers.go:219.19,222.3 2 0
github.com/NomanSalhab/golang_b_n_b_training_project/internal/handlers/handlers.go:225.16,228.3 2 0
github.com/NomanSalhab/golang_b_n_b_training_project/internal/handlers/handlers.go:230.21,236.3 3 0
github.com/NomanSalhab/golang_b_n_b_training_project/internal/handlers/handlers.go:265.79,272.23 5 0
github.com/NomanSalhab/golang_b_n_b_training_project/internal/handlers/handlers.go:276.2,277.21 2 0
github.com/NomanSalhab/golang_b_n_b_training_project/internal/handlers/handlers.go:282.2,283.24 2 0
github.com/NomanSalhab/golang_b_n_b_training_project/internal/handlers/handlers.go:288.2,289.27 2 0
github.com/NomanSalhab/golang_b_n_b_training_project/internal/handlers/handlers.go:294.2,303.16 3 0
github.com/NomanSalhab/golang_b_n_b_training_project/internal/handlers/handlers.go:308.2,310.14 3 0
github.com/NomanSalhab/golang_b_n_b_training_project/internal/handlers/handlers.go:272.23,275.3 2 0
github.com/NomanSalhab/golang_b_n_b_training_project/internal/handlers/handlers.go:277.21,280.3 2 0
github.com/NomanSalhab/golang_b_n_b_training_project/internal/handlers/handlers.go:283.24,286.3 2 0
github.com/NomanSalhab/golang_b_n_b_training_project/internal/handlers/handlers.go:289.27,292.3 2 0
github.com/NomanSalhab/golang_b_n_b_training_project/internal/handlers/handlers.go:303.16,307.3 2 0
github.com/NomanSalhab/golang_b_n_b_training_project/internal/handlers/handlers.go:314.73,316.16 2 0
github.com/NomanSalhab/golang_b_n_b_training_project/internal/handlers/handlers.go:321.2,322.9 2 0
github.com/NomanSalhab/golang_b_n_b_training_project/internal/handlers/handlers.go:327.2,331.63 3 0
github.com/NomanSalhab/golang_b_n_b_training_project/internal/handlers/handlers.go:316.16,319.3 2 0
github.com/NomanSalhab/golang_b_n_b_training_project/internal/handlers/handlers.go:322.9,325.3 2 0
github.com/NomanSalhab/golang_b_n_b_training_project/internal/handlers/handlers.go:335.71,345.23 7 0
github.com/NomanSalhab/golang_b_n_b_training_project/internal/handlers/handlers.go:349.2,350.21 2 0
github.com/NomanSalhab/golang_b_n_b_training_project/internal/handlers/handlers.go:354.2,368.41 8 0
github.com/NomanSalhab/golang_b_n_b_training_project/internal/handlers/handlers.go:345.23,348.3 2 0
github.com/NomanSalhab/golang_b_n_b_training_project/internal/handlers/handlers.go:350.21,353.3 2 0
github.com/NomanSalhab/golang_b_n_b_training_project/internal/handlers/handlers.go:372.70,374.2 1 1
github.com/NomanSalhab/golang_b_n_b_training_project/internal/handlers/handlers.go:378.81,380.9 2 0
github.com/NomanSalhab/golang_b_n_b_training_project/internal/handlers/handlers.go:387.2,401.4 9 0
github.com/NomanSalhab/golang_b_n_b_training_project/internal/handlers/handlers.go:380.9,386.3 4 0
